<?xml version="1.0" encoding="UTF-8"?>
<!-- Generated by org.testng.reporters.JUnitReportReporter -->
<testsuite hostname="LAPTOP-MJRTFEKH" failures="0" tests="3" name="TestNGProject01.TestNGProject01.DataProvider2" time="27.698" errors="0" timestamp="2023-06-11T21:34:55 IST" skipped="0">
  <testcase classname="TestNGProject01.TestNGProject01.DataProvider2" name="login" time="9.299"/>
  <system-out/>
  <testcase classname="TestNGProject01.TestNGProject01.DataProvider2" name="login" time="9.218"/>
  <system-out/>
  <testcase classname="TestNGProject01.TestNGProject01.DataProvider2" name="login" time="9.181"/>
  <system-out/>
</testsuite> <!-- TestNGProject01.TestNGProject01.DataProvider2 -->
