<?xml version="1.0" encoding="UTF-8"?>
<!-- Generated by org.testng.reporters.JUnitReportReporter -->
<testsuite hostname="LAPTOP-MJRTFEKH" failures="0" tests="3" name="TestNGProject01.TestNGProject01.ParallelTest" time="44.004" errors="0" timestamp="2023-06-11T21:37:53 IST" skipped="0">
  <testcase classname="TestNGProject01.TestNGProject01.ParallelTest" name="AmazonTitle" time="19.378"/>
  <system-out/>
  <testcase classname="TestNGProject01.TestNGProject01.ParallelTest" name="facebookTitle" time="10.592"/>
  <system-out/>
  <testcase classname="TestNGProject01.TestNGProject01.ParallelTest" name="instagramTitle" time="14.034"/>
  <system-out/>
</testsuite> <!-- TestNGProject01.TestNGProject01.ParallelTest -->
